{"/Users/webdev/projects/personal/connect-four/src/index.ts": {"path":"/Users/webdev/projects/personal/connect-four/src/index.ts","statementMap":{"0":{"start":{"line":12,"column":0},"end":{"line":12,"column":null}},"1":{"start":{"line":13,"column":2},"end":{"line":13,"column":null}},"2":{"start":{"line":14,"column":2},"end":{"line":14,"column":null}},"3":{"start":{"line":18,"column":2},"end":{"line":18,"column":null}},"4":{"start":{"line":17,"column":0},"end":{"line":17,"column":16}},"5":{"start":{"line":22,"column":2},"end":{"line":22,"column":null}},"6":{"start":{"line":22,"column":14},"end":{"line":22,"column":22}},"7":{"start":{"line":21,"column":0},"end":{"line":21,"column":16}},"8":{"start":{"line":26,"column":2},"end":{"line":26,"column":null}},"9":{"start":{"line":26,"column":14},"end":{"line":26,"column":44}},"10":{"start":{"line":26,"column":34},"end":{"line":26,"column":43}},"11":{"start":{"line":25,"column":0},"end":{"line":25,"column":16}},"12":{"start":{"line":30,"column":2},"end":{"line":30,"column":null}},"13":{"start":{"line":30,"column":19},"end":{"line":30,"column":30}},"14":{"start":{"line":29,"column":0},"end":{"line":29,"column":16}},"15":{"start":{"line":34,"column":2},"end":{"line":39,"column":null}},"16":{"start":{"line":35,"column":16},"end":{"line":35,"column":25}},"17":{"start":{"line":36,"column":16},"end":{"line":36,"column":25}},"18":{"start":{"line":37,"column":4},"end":{"line":37,"column":null}},"19":{"start":{"line":37,"column":28},"end":{"line":37,"column":null}},"20":{"start":{"line":38,"column":4},"end":{"line":38,"column":null}},"21":{"start":{"line":33,"column":0},"end":{"line":33,"column":16}},"22":{"start":{"line":43,"column":2},"end":{"line":43,"column":null}},"23":{"start":{"line":42,"column":0},"end":{"line":42,"column":16}},"24":{"start":{"line":48,"column":4},"end":{"line":48,"column":null}},"25":{"start":{"line":52,"column":18},"end":{"line":52,"column":32}},"26":{"start":{"line":53,"column":2},"end":{"line":53,"column":null}},"27":{"start":{"line":54,"column":2},"end":{"line":54,"column":17}},"28":{"start":{"line":46,"column":0},"end":{"line":46,"column":16}},"29":{"start":{"line":60,"column":2},"end":{"line":94,"column":null}},"30":{"start":{"line":61,"column":26},"end":{"line":61,"column":28}},"31":{"start":{"line":63,"column":21},"end":{"line":63,"column":22}},"32":{"start":{"line":64,"column":19},"end":{"line":64,"column":37}},"33":{"start":{"line":66,"column":8},"end":{"line":66,"column":null}},"34":{"start":{"line":72,"column":6},"end":{"line":72,"column":12}},"35":{"start":{"line":73,"column":6},"end":{"line":73,"column":null}},"36":{"start":{"line":75,"column":4},"end":{"line":75,"column":10}},"37":{"start":{"line":78,"column":28},"end":{"line":89,"column":6}},"38":{"start":{"line":79,"column":31},"end":{"line":79,"column":47}},"39":{"start":{"line":80,"column":6},"end":{"line":80,"column":14}},"40":{"start":{"line":81,"column":27},"end":{"line":81,"column":43}},"41":{"start":{"line":83,"column":8},"end":{"line":83,"column":36}},"42":{"start":{"line":86,"column":8},"end":{"line":86,"column":40}},"43":{"start":{"line":88,"column":6},"end":{"line":88,"column":null}},"44":{"start":{"line":91,"column":4},"end":{"line":93,"column":69}},"45":{"start":{"line":57,"column":0},"end":{"line":57,"column":16}}},"fnMap":{"0":{"name":"(anonymous_0)","decl":{"start":{"line":12,"column":0},"end":{"line":12,"column":12}},"loc":{"start":{"line":12,"column":18},"end":{"line":15,"column":1}}},"1":{"name":"makeBoard","decl":{"start":{"line":17,"column":16},"end":{"line":17,"column":25}},"loc":{"start":{"line":17,"column":25},"end":{"line":19,"column":1}}},"2":{"name":"getColumn","decl":{"start":{"line":21,"column":16},"end":{"line":21,"column":25}},"loc":{"start":{"line":21,"column":38},"end":{"line":23,"column":1}}},"3":{"name":"(anonymous_3)","decl":{"start":{"line":22,"column":9},"end":{"line":22,"column":10}},"loc":{"start":{"line":22,"column":14},"end":{"line":22,"column":22}}},"4":{"name":"getRow","decl":{"start":{"line":25,"column":16},"end":{"line":25,"column":22}},"loc":{"start":{"line":25,"column":35},"end":{"line":27,"column":1}}},"5":{"name":"(anonymous_5)","decl":{"start":{"line":26,"column":9},"end":{"line":26,"column":10}},"loc":{"start":{"line":26,"column":14},"end":{"line":26,"column":44}}},"6":{"name":"(anonymous_6)","decl":{"start":{"line":26,"column":24},"end":{"line":26,"column":30}},"loc":{"start":{"line":26,"column":34},"end":{"line":26,"column":43}}},"7":{"name":"getCell","decl":{"start":{"line":29,"column":16},"end":{"line":29,"column":23}},"loc":{"start":{"line":29,"column":36},"end":{"line":31,"column":1}}},"8":{"name":"(anonymous_8)","decl":{"start":{"line":30,"column":9},"end":{"line":30,"column":10}},"loc":{"start":{"line":30,"column":19},"end":{"line":30,"column":30}}},"9":{"name":"getCellUpRight","decl":{"start":{"line":33,"column":16},"end":{"line":33,"column":30}},"loc":{"start":{"line":33,"column":43},"end":{"line":40,"column":1}}},"10":{"name":"(anonymous_10)","decl":{"start":{"line":34,"column":9},"end":{"line":34,"column":10}},"loc":{"start":{"line":34,"column":26},"end":{"line":39,"column":3}}},"11":{"name":"isColumnFull","decl":{"start":{"line":42,"column":16},"end":{"line":42,"column":28}},"loc":{"start":{"line":42,"column":43},"end":{"line":44,"column":1}}},"12":{"name":"updateColumn","decl":{"start":{"line":46,"column":16},"end":{"line":46,"column":28}},"loc":{"start":{"line":46,"column":59},"end":{"line":55,"column":1}}},"13":{"name":"checkHorizontalOrVertical","decl":{"start":{"line":57,"column":16},"end":{"line":57,"column":41}},"loc":{"start":{"line":58,"column":16},"end":{"line":95,"column":1}}},"14":{"name":"(anonymous_14)","decl":{"start":{"line":60,"column":9},"end":{"line":60,"column":20}},"loc":{"start":{"line":60,"column":23},"end":{"line":94,"column":3}}},"15":{"name":"(anonymous_15)","decl":{"start":{"line":78,"column":41},"end":{"line":78,"column":42}},"loc":{"start":{"line":78,"column":67},"end":{"line":89,"column":5}}}},"branchMap":{"0":{"loc":{"start":{"line":12,"column":12},"end":{"line":12,"column":18}},"type":"binary-expr","locations":[{"start":{"line":12,"column":12},"end":{"line":12,"column":18}},{"start":{"line":12,"column":12},"end":{"line":12,"column":null}}]},"1":{"loc":{"start":{"line":37,"column":4},"end":{"line":37,"column":null}},"type":"if","locations":[{"start":{"line":37,"column":4},"end":{"line":37,"column":null}},{"start":{"line":37,"column":4},"end":{"line":37,"column":null}}]},"2":{"loc":{"start":{"line":37,"column":8},"end":{"line":37,"column":15}},"type":"binary-expr","locations":[{"start":{"line":37,"column":8},"end":{"line":37,"column":15}},{"start":{"line":37,"column":19},"end":{"line":37,"column":26}}]},"3":{"loc":{"start":{"line":88,"column":13},"end":{"line":88,"column":37}},"type":"binary-expr","locations":[{"start":{"line":88,"column":13},"end":{"line":88,"column":37}},{"start":{"line":88,"column":41},"end":{"line":88,"column":61}}]},"4":{"loc":{"start":{"line":92,"column":8},"end":{"line":92,"column":12}},"type":"cond-expr","locations":[{"start":{"line":92,"column":8},"end":{"line":92,"column":12}},{"start":{"line":93,"column":10},"end":{"line":93,"column":68}}]},"5":{"loc":{"start":{"line":91,"column":11},"end":{"line":91,"column":37}},"type":"binary-expr","locations":[{"start":{"line":91,"column":11},"end":{"line":91,"column":37}},{"start":{"line":91,"column":41},"end":{"line":91,"column":67}}]}},"s":{"0":1,"1":1,"2":1,"3":1,"4":1,"5":1,"6":3,"7":1,"8":1,"9":1,"10":7,"11":1,"12":2,"13":4,"14":1,"15":1,"16":3,"17":3,"18":3,"19":2,"20":1,"21":1,"22":5,"23":1,"24":1,"25":1,"26":1,"27":1,"28":1,"29":2,"30":5,"31":5,"32":32,"33":22,"34":1,"35":1,"36":4,"37":4,"38":20,"39":20,"40":20,"41":8,"42":4,"43":8,"44":4,"45":1},"f":{"0":1,"1":1,"2":1,"3":3,"4":1,"5":1,"6":7,"7":2,"8":4,"9":1,"10":3,"11":5,"12":2,"13":2,"14":5,"15":20},"b":{"0":[1,1],"1":[2,1],"2":[3,2],"3":[8,2],"4":[2,2],"5":[4,2]}}
,"/Users/webdev/projects/personal/connect-four/src/move/move.ts": {"path":"/Users/webdev/projects/personal/connect-four/src/move/move.ts","statementMap":{"0":{"start":{"line":20,"column":2},"end":{"line":72,"column":null}},"1":{"start":{"line":22,"column":6},"end":{"line":22,"column":null}},"2":{"start":{"line":22,"column":18},"end":{"line":22,"column":null}},"3":{"start":{"line":23,"column":22},"end":{"line":23,"column":27}},"4":{"start":{"line":24,"column":6},"end":{"line":24,"column":null}},"5":{"start":{"line":28,"column":6},"end":{"line":28,"column":34}},"6":{"start":{"line":28,"column":28},"end":{"line":28,"column":34}},"7":{"start":{"line":29,"column":22},"end":{"line":29,"column":27}},"8":{"start":{"line":30,"column":22},"end":{"line":30,"column":27}},"9":{"start":{"line":31,"column":6},"end":{"line":31,"column":null}},"10":{"start":{"line":35,"column":6},"end":{"line":35,"column":null}},"11":{"start":{"line":35,"column":18},"end":{"line":35,"column":null}},"12":{"start":{"line":36,"column":22},"end":{"line":36,"column":27}},"13":{"start":{"line":37,"column":6},"end":{"line":37,"column":null}},"14":{"start":{"line":41,"column":6},"end":{"line":41,"column":null}},"15":{"start":{"line":41,"column":28},"end":{"line":41,"column":null}},"16":{"start":{"line":42,"column":22},"end":{"line":42,"column":27}},"17":{"start":{"line":43,"column":22},"end":{"line":43,"column":27}},"18":{"start":{"line":44,"column":6},"end":{"line":44,"column":null}},"19":{"start":{"line":48,"column":6},"end":{"line":48,"column":null}},"20":{"start":{"line":48,"column":18},"end":{"line":48,"column":null}},"21":{"start":{"line":49,"column":22},"end":{"line":49,"column":27}},"22":{"start":{"line":50,"column":6},"end":{"line":50,"column":null}},"23":{"start":{"line":54,"column":6},"end":{"line":54,"column":null}},"24":{"start":{"line":54,"column":28},"end":{"line":54,"column":null}},"25":{"start":{"line":55,"column":22},"end":{"line":55,"column":27}},"26":{"start":{"line":56,"column":22},"end":{"line":56,"column":27}},"27":{"start":{"line":57,"column":6},"end":{"line":57,"column":null}},"28":{"start":{"line":61,"column":6},"end":{"line":61,"column":null}},"29":{"start":{"line":61,"column":18},"end":{"line":61,"column":null}},"30":{"start":{"line":62,"column":22},"end":{"line":62,"column":27}},"31":{"start":{"line":63,"column":6},"end":{"line":63,"column":null}},"32":{"start":{"line":67,"column":6},"end":{"line":67,"column":34}},"33":{"start":{"line":67,"column":28},"end":{"line":67,"column":34}},"34":{"start":{"line":68,"column":22},"end":{"line":68,"column":27}},"35":{"start":{"line":69,"column":22},"end":{"line":69,"column":27}},"36":{"start":{"line":70,"column":6},"end":{"line":70,"column":null}},"37":{"start":{"line":19,"column":0},"end":{"line":19,"column":16}}},"fnMap":{"0":{"name":"getCoordinates","decl":{"start":{"line":19,"column":16},"end":{"line":19,"column":30}},"loc":{"start":{"line":19,"column":41},"end":{"line":73,"column":1}}},"1":{"name":"(anonymous_1)","decl":{"start":{"line":21,"column":4},"end":{"line":21,"column":6}},"loc":{"start":{"line":21,"column":6},"end":{"line":25,"column":5}}},"2":{"name":"(anonymous_2)","decl":{"start":{"line":27,"column":4},"end":{"line":27,"column":11}},"loc":{"start":{"line":27,"column":11},"end":{"line":32,"column":5}}},"3":{"name":"(anonymous_3)","decl":{"start":{"line":34,"column":4},"end":{"line":34,"column":9}},"loc":{"start":{"line":34,"column":9},"end":{"line":38,"column":5}}},"4":{"name":"(anonymous_4)","decl":{"start":{"line":40,"column":4},"end":{"line":40,"column":13}},"loc":{"start":{"line":40,"column":13},"end":{"line":45,"column":5}}},"5":{"name":"(anonymous_5)","decl":{"start":{"line":47,"column":4},"end":{"line":47,"column":8}},"loc":{"start":{"line":47,"column":8},"end":{"line":51,"column":5}}},"6":{"name":"(anonymous_6)","decl":{"start":{"line":53,"column":4},"end":{"line":53,"column":12}},"loc":{"start":{"line":53,"column":12},"end":{"line":58,"column":5}}},"7":{"name":"(anonymous_7)","decl":{"start":{"line":60,"column":4},"end":{"line":60,"column":8}},"loc":{"start":{"line":60,"column":8},"end":{"line":64,"column":5}}},"8":{"name":"(anonymous_8)","decl":{"start":{"line":66,"column":4},"end":{"line":66,"column":10}},"loc":{"start":{"line":66,"column":10},"end":{"line":71,"column":5}}}},"branchMap":{"0":{"loc":{"start":{"line":22,"column":6},"end":{"line":22,"column":null}},"type":"if","locations":[{"start":{"line":22,"column":6},"end":{"line":22,"column":null}},{"start":{"line":22,"column":6},"end":{"line":22,"column":null}}]},"1":{"loc":{"start":{"line":28,"column":6},"end":{"line":28,"column":34}},"type":"if","locations":[{"start":{"line":28,"column":6},"end":{"line":28,"column":34}},{"start":{"line":28,"column":6},"end":{"line":28,"column":34}}]},"2":{"loc":{"start":{"line":28,"column":10},"end":{"line":28,"column":16}},"type":"binary-expr","locations":[{"start":{"line":28,"column":10},"end":{"line":28,"column":16}},{"start":{"line":28,"column":20},"end":{"line":28,"column":26}}]},"3":{"loc":{"start":{"line":35,"column":6},"end":{"line":35,"column":null}},"type":"if","locations":[{"start":{"line":35,"column":6},"end":{"line":35,"column":null}},{"start":{"line":35,"column":6},"end":{"line":35,"column":null}}]},"4":{"loc":{"start":{"line":41,"column":6},"end":{"line":41,"column":null}},"type":"if","locations":[{"start":{"line":41,"column":6},"end":{"line":41,"column":null}},{"start":{"line":41,"column":6},"end":{"line":41,"column":null}}]},"5":{"loc":{"start":{"line":41,"column":10},"end":{"line":41,"column":16}},"type":"binary-expr","locations":[{"start":{"line":41,"column":10},"end":{"line":41,"column":16}},{"start":{"line":41,"column":20},"end":{"line":41,"column":26}}]},"6":{"loc":{"start":{"line":48,"column":6},"end":{"line":48,"column":null}},"type":"if","locations":[{"start":{"line":48,"column":6},"end":{"line":48,"column":null}},{"start":{"line":48,"column":6},"end":{"line":48,"column":null}}]},"7":{"loc":{"start":{"line":54,"column":6},"end":{"line":54,"column":null}},"type":"if","locations":[{"start":{"line":54,"column":6},"end":{"line":54,"column":null}},{"start":{"line":54,"column":6},"end":{"line":54,"column":null}}]},"8":{"loc":{"start":{"line":54,"column":10},"end":{"line":54,"column":16}},"type":"binary-expr","locations":[{"start":{"line":54,"column":10},"end":{"line":54,"column":16}},{"start":{"line":54,"column":20},"end":{"line":54,"column":26}}]},"9":{"loc":{"start":{"line":61,"column":6},"end":{"line":61,"column":null}},"type":"if","locations":[{"start":{"line":61,"column":6},"end":{"line":61,"column":null}},{"start":{"line":61,"column":6},"end":{"line":61,"column":null}}]},"10":{"loc":{"start":{"line":67,"column":6},"end":{"line":67,"column":34}},"type":"if","locations":[{"start":{"line":67,"column":6},"end":{"line":67,"column":34}},{"start":{"line":67,"column":6},"end":{"line":67,"column":34}}]},"11":{"loc":{"start":{"line":67,"column":10},"end":{"line":67,"column":16}},"type":"binary-expr","locations":[{"start":{"line":67,"column":10},"end":{"line":67,"column":16}},{"start":{"line":67,"column":20},"end":{"line":67,"column":26}}]}},"s":{"0":4,"1":2,"2":1,"3":1,"4":1,"5":4,"6":3,"7":1,"8":1,"9":1,"10":2,"11":1,"12":1,"13":1,"14":4,"15":3,"16":1,"17":1,"18":1,"19":2,"20":1,"21":1,"22":1,"23":4,"24":3,"25":1,"26":1,"27":1,"28":2,"29":1,"30":1,"31":1,"32":4,"33":3,"34":1,"35":1,"36":1,"37":1},"f":{"0":4,"1":2,"2":4,"3":2,"4":4,"5":2,"6":4,"7":2,"8":4},"b":{"0":[1,1],"1":[3,1],"2":[4,2],"3":[1,1],"4":[3,1],"5":[4,2],"6":[1,1],"7":[3,1],"8":[4,2],"9":[1,1],"10":[3,1],"11":[4,2]}}
}
