TN:
SF:/Users/webdev/projects/personal/connect-four/src/index.ts
FN:12,(anonymous_0)
FN:17,makeBoard
FN:21,getColumn
FN:22,(anonymous_3)
FN:25,getRow
FN:26,(anonymous_5)
FN:26,(anonymous_6)
FN:29,getCell
FN:30,(anonymous_8)
FN:33,getCellUpRight
FN:34,(anonymous_10)
FN:42,isColumnFull
FN:46,updateColumn
FN:57,checkHorizontalOrVertical
FN:60,(anonymous_14)
FN:78,(anonymous_15)
FNF:16
FNH:16
FNDA:1,(anonymous_0)
FNDA:1,makeBoard
FNDA:1,getColumn
FNDA:3,(anonymous_3)
FNDA:1,getRow
FNDA:1,(anonymous_5)
FNDA:7,(anonymous_6)
FNDA:2,getCell
FNDA:4,(anonymous_8)
FNDA:1,getCellUpRight
FNDA:3,(anonymous_10)
FNDA:5,isColumnFull
FNDA:2,updateColumn
FNDA:2,checkHorizontalOrVertical
FNDA:5,(anonymous_14)
FNDA:20,(anonymous_15)
DA:12,1
DA:13,1
DA:14,1
DA:17,1
DA:18,1
DA:21,1
DA:22,3
DA:25,1
DA:26,7
DA:29,1
DA:30,4
DA:33,1
DA:34,1
DA:35,3
DA:36,3
DA:37,3
DA:38,1
DA:42,1
DA:43,5
DA:46,1
DA:48,1
DA:52,1
DA:53,1
DA:54,1
DA:57,1
DA:60,2
DA:61,5
DA:63,5
DA:64,32
DA:66,22
DA:72,1
DA:73,1
DA:75,4
DA:78,4
DA:79,20
DA:80,20
DA:81,20
DA:83,8
DA:86,4
DA:88,8
DA:91,4
LF:41
LH:41
BRDA:12,0,0,1
BRDA:12,0,1,1
BRDA:37,1,0,2
BRDA:37,1,1,1
BRDA:37,2,0,3
BRDA:37,2,1,2
BRDA:88,3,0,8
BRDA:88,3,1,2
BRDA:92,4,0,2
BRDA:92,4,1,2
BRDA:91,5,0,4
BRDA:91,5,1,2
BRF:12
BRH:12
end_of_record
TN:
SF:/Users/webdev/projects/personal/connect-four/src/move/move.ts
FN:19,getCoordinates
FN:21,(anonymous_1)
FN:27,(anonymous_2)
FN:34,(anonymous_3)
FN:40,(anonymous_4)
FN:47,(anonymous_5)
FN:53,(anonymous_6)
FN:60,(anonymous_7)
FN:66,(anonymous_8)
FNF:9
FNH:9
FNDA:4,getCoordinates
FNDA:2,(anonymous_1)
FNDA:4,(anonymous_2)
FNDA:2,(anonymous_3)
FNDA:4,(anonymous_4)
FNDA:2,(anonymous_5)
FNDA:4,(anonymous_6)
FNDA:2,(anonymous_7)
FNDA:4,(anonymous_8)
DA:19,1
DA:20,4
DA:22,2
DA:23,1
DA:24,1
DA:28,4
DA:29,1
DA:30,1
DA:31,1
DA:35,2
DA:36,1
DA:37,1
DA:41,4
DA:42,1
DA:43,1
DA:44,1
DA:48,2
DA:49,1
DA:50,1
DA:54,4
DA:55,1
DA:56,1
DA:57,1
DA:61,2
DA:62,1
DA:63,1
DA:67,4
DA:68,1
DA:69,1
DA:70,1
LF:30
LH:30
BRDA:22,0,0,1
BRDA:22,0,1,1
BRDA:28,1,0,3
BRDA:28,1,1,1
BRDA:28,2,0,4
BRDA:28,2,1,2
BRDA:35,3,0,1
BRDA:35,3,1,1
BRDA:41,4,0,3
BRDA:41,4,1,1
BRDA:41,5,0,4
BRDA:41,5,1,2
BRDA:48,6,0,1
BRDA:48,6,1,1
BRDA:54,7,0,3
BRDA:54,7,1,1
BRDA:54,8,0,4
BRDA:54,8,1,2
BRDA:61,9,0,1
BRDA:61,9,1,1
BRDA:67,10,0,3
BRDA:67,10,1,1
BRDA:67,11,0,4
BRDA:67,11,1,2
BRF:24
BRH:24
end_of_record
